<?xml version="1.0" encoding="UTF-8"?>
<!-- Generated by org.testng.reporters.JUnitXMLReporter -->
<testsuite hostname="DESKTOP-62596MK" ignored="0" name="Regression" tests="8" failures="0" timestamp="10 Aug 2020 19:52:39 GMT" time="165.611" errors="0">
  <testcase name="validateTitleTest" time="0.04" classname="com.prj.qa.test.LoginPageTest"/>
  <testcase name="verifyHomepageTitle" time="0.015" classname="com.prj.qa.test.HomePageTest"/>
  <testcase name="verifylabel" time="0.335" classname="com.prj.qa.test.ContactPageTest"/>
  <testcase name="validateLogoTest" time="0.118" classname="com.prj.qa.test.LoginPageTest"/>
  <testcase name="verifyHomepageUsername" time="0.136" classname="com.prj.qa.test.HomePageTest"/>
  <testcase name="SelectbynameTest" time="1.785" classname="com.prj.qa.test.ContactPageTest"/>
  <testcase name="ValidateLoginTest" time="6.737" classname="com.prj.qa.test.LoginPageTest"/>
  <testcase name="verifyContactsTest" time="1.764" classname="com.prj.qa.test.HomePageTest"/>
</testsuite> <!-- Regression -->
